<?xml version="1.0" encoding="UTF-8"?>
<testng-results ignored="0" total="3" passed="2" failed="1" skipped="0">
  <reporter-output>
  </reporter-output>
  <suite started-at="2020-05-17T12:07:03 CEST" name="Default suite" finished-at="2020-05-17T12:08:26 CEST" duration-ms="82440">
    <groups>
    </groups>
    <test started-at="2020-05-17T12:07:03 CEST" name="Default test" finished-at="2020-05-17T12:08:26 CEST" duration-ms="82440">
      <class name="SandBoxTest.ProductsTest">
        <test-method is-config="true" signature="createDriver()[pri:0, instance:SandBoxTest.ProductsTest@7ea37dbf]" started-at="2020-05-17T12:07:03 CEST" name="createDriver" finished-at="2020-05-17T12:07:07 CEST" duration-ms="3137" status="PASS">
          <reporter-output>
          </reporter-output>
        </test-method> <!-- createDriver -->
        <test-method signature="testGoToCreateProductPage()[pri:1, instance:SandBoxTest.ProductsTest@7ea37dbf]" started-at="2020-05-17T12:07:07 CEST" name="testGoToCreateProductPage" finished-at="2020-05-17T12:07:20 CEST" duration-ms="13798" status="PASS">
          <reporter-output>
          </reporter-output>
        </test-method> <!-- testGoToCreateProductPage -->
        <test-method signature="testCreateProduct()[pri:2, instance:SandBoxTest.ProductsTest@7ea37dbf]" started-at="2020-05-17T12:07:20 CEST" name="testCreateProduct" finished-at="2020-05-17T12:08:25 CEST" duration-ms="64457" status="PASS">
          <reporter-output>
          </reporter-output>
        </test-method> <!-- testCreateProduct -->
        <test-method signature="testUpdateProductsPrices()[pri:3, instance:SandBoxTest.ProductsTest@7ea37dbf]" started-at="2020-05-17T12:08:25 CEST" name="testUpdateProductsPrices" finished-at="2020-05-17T12:08:25 CEST" duration-ms="51" status="FAIL">
          <exception class="java.lang.NumberFormatException">
            <message>
              <![CDATA[empty String]]>
            </message>
            <full-stacktrace>
              <![CDATA[java.lang.NumberFormatException: empty String
at java.base/jdk.internal.math.FloatingDecimal.readJavaFormatString(FloatingDecimal.java:1842)
at java.base/jdk.internal.math.FloatingDecimal.parseDouble(FloatingDecimal.java:110)
at java.base/java.lang.Double.parseDouble(Double.java:549)
at SandBoxPageObject.Products.updatePrice(Products.java:108)
at SandBoxTest.ProductsTest.testUpdateProductsPrices(ProductsTest.java:69)
at java.base/jdk.internal.reflect.NativeMethodAccessorImpl.invoke0(Native Method)
at java.base/jdk.internal.reflect.NativeMethodAccessorImpl.invoke(NativeMethodAccessorImpl.java:62)
at java.base/jdk.internal.reflect.DelegatingMethodAccessorImpl.invoke(DelegatingMethodAccessorImpl.java:43)
at java.base/java.lang.reflect.Method.invoke(Method.java:567)
at org.testng.internal.MethodInvocationHelper.invokeMethod(MethodInvocationHelper.java:134)
at org.testng.internal.TestInvoker.invokeMethod(TestInvoker.java:597)
at org.testng.internal.TestInvoker.invokeTestMethod(TestInvoker.java:173)
at org.testng.internal.MethodRunner.runInSequence(MethodRunner.java:46)
at org.testng.internal.TestInvoker$MethodInvocationAgent.invoke(TestInvoker.java:816)
at org.testng.internal.TestInvoker.invokeTestMethods(TestInvoker.java:146)
at org.testng.internal.TestMethodWorker.invokeTestMethods(TestMethodWorker.java:146)
at org.testng.internal.TestMethodWorker.run(TestMethodWorker.java:128)
at java.base/java.util.ArrayList.forEach(ArrayList.java:1507)
at org.testng.TestRunner.privateRun(TestRunner.java:766)
at org.testng.TestRunner.run(TestRunner.java:587)
at org.testng.SuiteRunner.runTest(SuiteRunner.java:384)
at org.testng.SuiteRunner.runSequentially(SuiteRunner.java:378)
at org.testng.SuiteRunner.privateRun(SuiteRunner.java:337)
at org.testng.SuiteRunner.run(SuiteRunner.java:286)
at org.testng.SuiteRunnerWorker.runSuite(SuiteRunnerWorker.java:53)
at org.testng.SuiteRunnerWorker.run(SuiteRunnerWorker.java:96)
at org.testng.TestNG.runSuitesSequentially(TestNG.java:1187)
at org.testng.TestNG.runSuitesLocally(TestNG.java:1109)
at org.testng.TestNG.runSuites(TestNG.java:1039)
at org.testng.TestNG.run(TestNG.java:1007)
at org.testng.remote.AbstractRemoteTestNG.run(AbstractRemoteTestNG.java:115)
at org.testng.remote.RemoteTestNG.initAndRun(RemoteTestNG.java:251)
at org.testng.remote.RemoteTestNG.main(RemoteTestNG.java:77)
]]>
            </full-stacktrace>
          </exception> <!-- java.lang.NumberFormatException -->
          <reporter-output>
          </reporter-output>
        </test-method> <!-- testUpdateProductsPrices -->
        <test-method is-config="true" signature="closeDriver()[pri:0, instance:SandBoxTest.ProductsTest@7ea37dbf]" started-at="2020-05-17T12:08:25 CEST" name="closeDriver" finished-at="2020-05-17T12:08:26 CEST" duration-ms="926" status="PASS">
          <reporter-output>
          </reporter-output>
        </test-method> <!-- closeDriver -->
      </class> <!-- SandBoxTest.ProductsTest -->
    </test> <!-- Default test -->
  </suite> <!-- Default suite -->
</testng-results>
